\BOOKMARK [1][-]{section.1}{Project Overview}{}% 1
\BOOKMARK [1][-]{section.2}{Traditional Models}{}% 2
\BOOKMARK [2][-]{subsection.2.1}{Pixel-Level Image Preprocessing}{section.2}% 3
\BOOKMARK [3][-]{subsubsection.2.1.1}{Timeline Overview}{subsection.2.1}% 4
\BOOKMARK [3][-]{subsubsection.2.1.2}{Step 1: Denoising}{subsection.2.1}% 5
\BOOKMARK [3][-]{subsubsection.2.1.3}{Step 2: Cropping}{subsection.2.1}% 6
\BOOKMARK [3][-]{subsubsection.2.1.4}{Step 3: Centering}{subsection.2.1}% 7
\BOOKMARK [2][-]{subsection.2.2}{K-Nearest Neighbors}{section.2}% 8
\BOOKMARK [3][-]{subsubsection.2.2.1}{Influence of PCA Ratio}{subsection.2.2}% 9
\BOOKMARK [3][-]{subsubsection.2.2.2}{Influence of K}{subsection.2.2}% 10
\BOOKMARK [3][-]{subsubsection.2.2.3}{Performance under Optimal Parameters}{subsection.2.2}% 11
\BOOKMARK [2][-]{subsection.2.3}{Support Vector Machine}{section.2}% 12
\BOOKMARK [2][-]{subsection.2.4}{Ensemble Methods}{section.2}% 13
\BOOKMARK [1][-]{section.3}{CNN Models}{}% 14
\BOOKMARK [2][-]{subsection.3.1}{SimpleCNN}{section.3}% 15
\BOOKMARK [2][-]{subsection.3.2}{VGG Net}{section.3}% 16
\BOOKMARK [2][-]{subsection.3.3}{Resnet}{section.3}% 17
\BOOKMARK [2][-]{subsection.3.4}{Comparison}{section.3}% 18
\BOOKMARK [1][-]{section.4}{Capsule Networks}{}% 19
\BOOKMARK [2][-]{subsection.4.1}{Intuition behind the Capsule Network}{section.4}% 20
\BOOKMARK [2][-]{subsection.4.2}{Dynamic Routing with Capsules}{section.4}% 21
\BOOKMARK [2][-]{subsection.4.3}{CapsNet Architecture}{section.4}% 22
\BOOKMARK [2][-]{subsection.4.4}{Experiments}{section.4}% 23
